c:\documentos\onedrive\documentos\visual studio 2013\projects\mp3_organizer_v2\mp3_organizer_v2\mp3_organizer_v2\debug\vc120.pdb
c:\documentos\onedrive\documentos\visual studio 2013\projects\mp3_organizer_v2\mp3_organizer_v2\mp3_organizer_v2\debug\myform.obj
c:\documentos\onedrive\documentos\visual studio 2013\projects\mp3_organizer_v2\mp3_organizer_v2\mp3_organizer_v2\debug\mp3_organizer_v2.mp3_organizer.resources
c:\documentos\onedrive\documentos\visual studio 2013\projects\mp3_organizer_v2\mp3_organizer_v2\mp3_organizer_v2\debug\mp3_organizer_v2.myform.resources
c:\documentos\onedrive\documentos\visual studio 2013\projects\mp3_organizer_v2\mp3_organizer_v2\mp3_organizer_v2\debug\mp3_organizer_v2.vcxproj.generateresource.cache
c:\documentos\onedrive\documentos\visual studio 2013\projects\mp3_organizer_v2\mp3_organizer_v2\mp3_organizer_v2\debug\mp3_organizer_v2.vcxprojresolveassemblyreference.cache
c:\documentos\onedrive\documentos\visual studio 2013\projects\mp3_organizer_v2\mp3_organizer_v2\debug\mp3_organizer_v2.pdb
c:\documentos\onedrive\documentos\visual studio 2013\projects\mp3_organizer_v2\mp3_organizer_v2\mp3_organizer_v2\debug\mp3_organizer_v2.tlog\cl.command.1.tlog
c:\documentos\onedrive\documentos\visual studio 2013\projects\mp3_organizer_v2\mp3_organizer_v2\mp3_organizer_v2\debug\mp3_organizer_v2.tlog\cl.read.1.tlog
c:\documentos\onedrive\documentos\visual studio 2013\projects\mp3_organizer_v2\mp3_organizer_v2\mp3_organizer_v2\debug\mp3_organizer_v2.tlog\cl.write.1.tlog
c:\documentos\onedrive\documentos\visual studio 2013\projects\mp3_organizer_v2\mp3_organizer_v2\mp3_organizer_v2\debug\mp3_organizer_v2.tlog\link.11772-cvtres.read.1.tlog
c:\documentos\onedrive\documentos\visual studio 2013\projects\mp3_organizer_v2\mp3_organizer_v2\mp3_organizer_v2\debug\mp3_organizer_v2.tlog\link.11772-cvtres.write.1.tlog
c:\documentos\onedrive\documentos\visual studio 2013\projects\mp3_organizer_v2\mp3_organizer_v2\mp3_organizer_v2\debug\mp3_organizer_v2.tlog\link.11772-rc.read.1.tlog
c:\documentos\onedrive\documentos\visual studio 2013\projects\mp3_organizer_v2\mp3_organizer_v2\mp3_organizer_v2\debug\mp3_organizer_v2.tlog\link.11772-rc.write.1.tlog
c:\documentos\onedrive\documentos\visual studio 2013\projects\mp3_organizer_v2\mp3_organizer_v2\mp3_organizer_v2\debug\mp3_organizer_v2.tlog\link.11772.read.1.tlog
c:\documentos\onedrive\documentos\visual studio 2013\projects\mp3_organizer_v2\mp3_organizer_v2\mp3_organizer_v2\debug\mp3_organizer_v2.tlog\link.11772.write.1.tlog
c:\documentos\onedrive\documentos\visual studio 2013\projects\mp3_organizer_v2\mp3_organizer_v2\mp3_organizer_v2\debug\mp3_organizer_v2.tlog\link.11972-cvtres.read.1.tlog
c:\documentos\onedrive\documentos\visual studio 2013\projects\mp3_organizer_v2\mp3_organizer_v2\mp3_organizer_v2\debug\mp3_organizer_v2.tlog\link.11972-cvtres.write.1.tlog
c:\documentos\onedrive\documentos\visual studio 2013\projects\mp3_organizer_v2\mp3_organizer_v2\mp3_organizer_v2\debug\mp3_organizer_v2.tlog\link.11972-rc.read.1.tlog
c:\documentos\onedrive\documentos\visual studio 2013\projects\mp3_organizer_v2\mp3_organizer_v2\mp3_organizer_v2\debug\mp3_organizer_v2.tlog\link.11972-rc.write.1.tlog
c:\documentos\onedrive\documentos\visual studio 2013\projects\mp3_organizer_v2\mp3_organizer_v2\mp3_organizer_v2\debug\mp3_organizer_v2.tlog\link.11972.read.1.tlog
c:\documentos\onedrive\documentos\visual studio 2013\projects\mp3_organizer_v2\mp3_organizer_v2\mp3_organizer_v2\debug\mp3_organizer_v2.tlog\link.11972.write.1.tlog
c:\documentos\onedrive\documentos\visual studio 2013\projects\mp3_organizer_v2\mp3_organizer_v2\mp3_organizer_v2\debug\mp3_organizer_v2.tlog\link.12552-cvtres.read.1.tlog
c:\documentos\onedrive\documentos\visual studio 2013\projects\mp3_organizer_v2\mp3_organizer_v2\mp3_organizer_v2\debug\mp3_organizer_v2.tlog\link.12552-cvtres.write.1.tlog
c:\documentos\onedrive\documentos\visual studio 2013\projects\mp3_organizer_v2\mp3_organizer_v2\mp3_organizer_v2\debug\mp3_organizer_v2.tlog\link.12552-rc.read.1.tlog
c:\documentos\onedrive\documentos\visual studio 2013\projects\mp3_organizer_v2\mp3_organizer_v2\mp3_organizer_v2\debug\mp3_organizer_v2.tlog\link.12552-rc.write.1.tlog
c:\documentos\onedrive\documentos\visual studio 2013\projects\mp3_organizer_v2\mp3_organizer_v2\mp3_organizer_v2\debug\mp3_organizer_v2.tlog\link.12552.read.1.tlog
c:\documentos\onedrive\documentos\visual studio 2013\projects\mp3_organizer_v2\mp3_organizer_v2\mp3_organizer_v2\debug\mp3_organizer_v2.tlog\link.12552.write.1.tlog
c:\documentos\onedrive\documentos\visual studio 2013\projects\mp3_organizer_v2\mp3_organizer_v2\mp3_organizer_v2\debug\mp3_organizer_v2.tlog\link.14864-cvtres.read.1.tlog
c:\documentos\onedrive\documentos\visual studio 2013\projects\mp3_organizer_v2\mp3_organizer_v2\mp3_organizer_v2\debug\mp3_organizer_v2.tlog\link.14864-cvtres.write.1.tlog
c:\documentos\onedrive\documentos\visual studio 2013\projects\mp3_organizer_v2\mp3_organizer_v2\mp3_organizer_v2\debug\mp3_organizer_v2.tlog\link.14864-rc.read.1.tlog
c:\documentos\onedrive\documentos\visual studio 2013\projects\mp3_organizer_v2\mp3_organizer_v2\mp3_organizer_v2\debug\mp3_organizer_v2.tlog\link.14864-rc.write.1.tlog
c:\documentos\onedrive\documentos\visual studio 2013\projects\mp3_organizer_v2\mp3_organizer_v2\mp3_organizer_v2\debug\mp3_organizer_v2.tlog\link.14864.read.1.tlog
c:\documentos\onedrive\documentos\visual studio 2013\projects\mp3_organizer_v2\mp3_organizer_v2\mp3_organizer_v2\debug\mp3_organizer_v2.tlog\link.14864.write.1.tlog
c:\documentos\onedrive\documentos\visual studio 2013\projects\mp3_organizer_v2\mp3_organizer_v2\mp3_organizer_v2\debug\mp3_organizer_v2.tlog\link.14940-cvtres.read.1.tlog
c:\documentos\onedrive\documentos\visual studio 2013\projects\mp3_organizer_v2\mp3_organizer_v2\mp3_organizer_v2\debug\mp3_organizer_v2.tlog\link.14940-cvtres.write.1.tlog
c:\documentos\onedrive\documentos\visual studio 2013\projects\mp3_organizer_v2\mp3_organizer_v2\mp3_organizer_v2\debug\mp3_organizer_v2.tlog\link.14940-rc.read.1.tlog
c:\documentos\onedrive\documentos\visual studio 2013\projects\mp3_organizer_v2\mp3_organizer_v2\mp3_organizer_v2\debug\mp3_organizer_v2.tlog\link.14940-rc.write.1.tlog
c:\documentos\onedrive\documentos\visual studio 2013\projects\mp3_organizer_v2\mp3_organizer_v2\mp3_organizer_v2\debug\mp3_organizer_v2.tlog\link.14940.read.1.tlog
c:\documentos\onedrive\documentos\visual studio 2013\projects\mp3_organizer_v2\mp3_organizer_v2\mp3_organizer_v2\debug\mp3_organizer_v2.tlog\link.14940.write.1.tlog
c:\documentos\onedrive\documentos\visual studio 2013\projects\mp3_organizer_v2\mp3_organizer_v2\mp3_organizer_v2\debug\mp3_organizer_v2.tlog\link.16184-cvtres.read.1.tlog
c:\documentos\onedrive\documentos\visual studio 2013\projects\mp3_organizer_v2\mp3_organizer_v2\mp3_organizer_v2\debug\mp3_organizer_v2.tlog\link.16184-cvtres.write.1.tlog
c:\documentos\onedrive\documentos\visual studio 2013\projects\mp3_organizer_v2\mp3_organizer_v2\mp3_organizer_v2\debug\mp3_organizer_v2.tlog\link.16184-rc.read.1.tlog
c:\documentos\onedrive\documentos\visual studio 2013\projects\mp3_organizer_v2\mp3_organizer_v2\mp3_organizer_v2\debug\mp3_organizer_v2.tlog\link.16184-rc.write.1.tlog
c:\documentos\onedrive\documentos\visual studio 2013\projects\mp3_organizer_v2\mp3_organizer_v2\mp3_organizer_v2\debug\mp3_organizer_v2.tlog\link.16184.read.1.tlog
c:\documentos\onedrive\documentos\visual studio 2013\projects\mp3_organizer_v2\mp3_organizer_v2\mp3_organizer_v2\debug\mp3_organizer_v2.tlog\link.16184.write.1.tlog
c:\documentos\onedrive\documentos\visual studio 2013\projects\mp3_organizer_v2\mp3_organizer_v2\mp3_organizer_v2\debug\mp3_organizer_v2.tlog\link.18044-cvtres.read.1.tlog
c:\documentos\onedrive\documentos\visual studio 2013\projects\mp3_organizer_v2\mp3_organizer_v2\mp3_organizer_v2\debug\mp3_organizer_v2.tlog\link.18044-cvtres.write.1.tlog
c:\documentos\onedrive\documentos\visual studio 2013\projects\mp3_organizer_v2\mp3_organizer_v2\mp3_organizer_v2\debug\mp3_organizer_v2.tlog\link.18044-rc.read.1.tlog
c:\documentos\onedrive\documentos\visual studio 2013\projects\mp3_organizer_v2\mp3_organizer_v2\mp3_organizer_v2\debug\mp3_organizer_v2.tlog\link.18044-rc.write.1.tlog
c:\documentos\onedrive\documentos\visual studio 2013\projects\mp3_organizer_v2\mp3_organizer_v2\mp3_organizer_v2\debug\mp3_organizer_v2.tlog\link.18044.read.1.tlog
c:\documentos\onedrive\documentos\visual studio 2013\projects\mp3_organizer_v2\mp3_organizer_v2\mp3_organizer_v2\debug\mp3_organizer_v2.tlog\link.18044.write.1.tlog
c:\documentos\onedrive\documentos\visual studio 2013\projects\mp3_organizer_v2\mp3_organizer_v2\mp3_organizer_v2\debug\mp3_organizer_v2.tlog\link.6060-cvtres.read.1.tlog
c:\documentos\onedrive\documentos\visual studio 2013\projects\mp3_organizer_v2\mp3_organizer_v2\mp3_organizer_v2\debug\mp3_organizer_v2.tlog\link.6060-cvtres.write.1.tlog
c:\documentos\onedrive\documentos\visual studio 2013\projects\mp3_organizer_v2\mp3_organizer_v2\mp3_organizer_v2\debug\mp3_organizer_v2.tlog\link.6060-rc.read.1.tlog
c:\documentos\onedrive\documentos\visual studio 2013\projects\mp3_organizer_v2\mp3_organizer_v2\mp3_organizer_v2\debug\mp3_organizer_v2.tlog\link.6060-rc.write.1.tlog
c:\documentos\onedrive\documentos\visual studio 2013\projects\mp3_organizer_v2\mp3_organizer_v2\mp3_organizer_v2\debug\mp3_organizer_v2.tlog\link.6060.read.1.tlog
c:\documentos\onedrive\documentos\visual studio 2013\projects\mp3_organizer_v2\mp3_organizer_v2\mp3_organizer_v2\debug\mp3_organizer_v2.tlog\link.6060.write.1.tlog
c:\documentos\onedrive\documentos\visual studio 2013\projects\mp3_organizer_v2\mp3_organizer_v2\mp3_organizer_v2\debug\mp3_organizer_v2.tlog\link.command.1.tlog
c:\documentos\onedrive\documentos\visual studio 2013\projects\mp3_organizer_v2\mp3_organizer_v2\mp3_organizer_v2\debug\mp3_organizer_v2.tlog\link.read.1.tlog
c:\documentos\onedrive\documentos\visual studio 2013\projects\mp3_organizer_v2\mp3_organizer_v2\mp3_organizer_v2\debug\mp3_organizer_v2.tlog\link.write.1.tlog
c:\documentos\onedrive\documentos\visual studio 2013\projects\mp3_organizer_v2\mp3_organizer_v2\mp3_organizer_v2\debug\mp3_organizer_v2.tlog\mp3_organizer_v2.write.1u.tlog
